Result Quality: 0.954234

hsa:472 hsa:7157 0.782457
hsa:8837 hsa:8772|hsa:8717 0.733578
hsa:8837 hsa:8772 0.816626
hsa:823|hsa:824 hsa:100506742 0.847132
hsa:637 hsa:54205 0.184416
hsa:11213|hsa:3654|hsa:3656|hsa:51135 hsa:9020 1
hsa:23533|hsa:5290|hsa:5291|hsa:5293|hsa:5294|hsa:5295|hsa:5296|hsa:8503 hsa:10000|hsa:207|hsa:208 0.9059
hsa:596 hsa:7157 0.786212
hsa:112401|hsa:329|hsa:330|hsa:331|hsa:79444 hsa:842 0
hsa:112401|hsa:329|hsa:330|hsa:331|hsa:79444 hsa:840 0.975346
hsa:112401|hsa:329|hsa:330|hsa:331|hsa:79444 hsa:836 0.00273478
hsa:112401|hsa:329|hsa:330|hsa:331|hsa:79444 hsa:839 0.887001
hsa:4790|hsa:5970 hsa:4792 0.55861
hsa:4790|hsa:5970 hsa:596 0.971709
hsa:4790|hsa:5970 hsa:598 0.488939
hsa:4790|hsa:5970 hsa:112401|hsa:329|hsa:330|hsa:331|hsa:79444 0.889601
hsa:100506742 hsa:836 0.894498
hsa:5530|hsa:5532|hsa:5533|hsa:5534|hsa:5535 hsa:572 0.68499
hsa:5566|hsa:5567|hsa:5568|hsa:5573|hsa:5575|hsa:5576|hsa:5577|hsa:5613 hsa:572 0.697766
hsa:10000|hsa:207|hsa:208 hsa:572 0.92325
hsa:10000|hsa:207|hsa:208 hsa:1147|hsa:3551|hsa:8517 0.997689
hsa:1147|hsa:3551|hsa:8517 hsa:4792 0.434447
hsa:1676 hsa:1677 1
hsa:317 hsa:842 0.886242
hsa:54205 hsa:842 0.156574
hsa:842 hsa:836 0.964551
hsa:842 hsa:840 0
hsa:7186 hsa:9020 0.447919
hsa:9020 hsa:1147|hsa:3551|hsa:8517 0.997146
hsa:8737 hsa:9020 0.659449
hsa:840 hsa:1676 0.978295
hsa:836 hsa:1676 0.986488
hsa:836 hsa:839 0.899921
hsa:841 hsa:637 0.0419633
hsa:841 hsa:840 0.351958
hsa:841 hsa:836 0.335232
hsa:843 hsa:836 0.920804
hsa:8772 hsa:841 0.961462
hsa:8772 hsa:843 0.823069
hsa:1439|hsa:3563 hsa:581 0.669313
hsa:1439|hsa:3563 hsa:23533|hsa:5290|hsa:5291|hsa:5293|hsa:5294|hsa:5295|hsa:5296|hsa:8503 1
hsa:3562 hsa:1439|hsa:3563 0.75421
hsa:4914 hsa:23533|hsa:5290|hsa:5291|hsa:5293|hsa:5294|hsa:5295|hsa:5296|hsa:8503 0.571578
hsa:4803 hsa:4914 0.857597
hsa:3554|hsa:3556 hsa:11213|hsa:3654|hsa:3656|hsa:51135|hsa:4615 0.694162
hsa:3554|hsa:3556 hsa:8772|hsa:8717 0.752213
hsa:3552|hsa:3553 hsa:3554|hsa:3556 0.977111
hsa:7132 hsa:7186|hsa:8737|hsa:8717 0.668232
hsa:7132 hsa:8772|hsa:8717 0.757898
hsa:7124 hsa:7132 0.898679
hsa:8793|hsa:8794|hsa:8795|hsa:8797 hsa:8772 0.830702
hsa:8743 hsa:8793|hsa:8794|hsa:8795|hsa:8797 0.979339
hsa:355 hsa:8772 0.755539
hsa:356 hsa:355 0.974059
