Result Quality: 0.967059

hsa:685 hsa:2066 0.168674
hsa:685 hsa:1956 0.813946
hsa:2475 hsa:1978 0.643388
hsa:2475 hsa:6198|hsa:6199 0.707846
hsa:2549 hsa:23533|hsa:5290|hsa:5291|hsa:5293|hsa:5294|hsa:5295|hsa:5296|hsa:8503 1
hsa:5594|hsa:5595 hsa:2002 0.848399
hsa:5594|hsa:5595 hsa:4609 0.921715
hsa:5604|hsa:5605 hsa:5594|hsa:5595 0.984313
hsa:369|hsa:5894|hsa:673 hsa:5604|hsa:5605 0.994995
hsa:3265|hsa:3845|hsa:4893 hsa:369|hsa:5894|hsa:673 0.994385
hsa:6654|hsa:6655 hsa:3265|hsa:3845|hsa:4893 0.948668
hsa:5599|hsa:5601|hsa:5602 hsa:2002 0.173888
hsa:5599|hsa:5601|hsa:5602 hsa:3725 0.971901
hsa:5609|hsa:6416 hsa:5599|hsa:5601|hsa:5602 0.868709
hsa:10298|hsa:5058|hsa:5062|hsa:5063|hsa:56924|hsa:57144 hsa:5609|hsa:6416 0.986155
hsa:2885 hsa:2549 0.982478
hsa:2885 hsa:6654|hsa:6655 0.984067
hsa:6714 hsa:5747 0.834804
hsa:1398|hsa:1399 hsa:25|hsa:27 0.678212
hsa:4690|hsa:8440 hsa:10298|hsa:5058|hsa:5062|hsa:5063|hsa:56924|hsa:57144 0.996779
hsa:25759|hsa:399694|hsa:53358|hsa:6464 hsa:2885 0
hsa:145957 hsa:1398|hsa:1399 UNKNOWN
hsa:145957 hsa:23624|hsa:867|hsa:868 UNKNOWN
hsa:145957 hsa:2066 UNKNOWN
hsa:10718 hsa:2066 UNKNOWN
hsa:9542 hsa:2066 0.836941
hsa:9542 hsa:2065 0.756119
hsa:2065 hsa:25759|hsa:399694|hsa:53358|hsa:6464 1
hsa:2065 hsa:2885 1
hsa:2065 hsa:23533|hsa:5290|hsa:5291|hsa:5293|hsa:5294|hsa:5295|hsa:5296|hsa:8503 0.999972
hsa:3084 hsa:2066 0.999627
hsa:3084 hsa:2065 0.999956
hsa:2069 hsa:2066 0
hsa:2069 hsa:1956 0.951813
hsa:2066 hsa:6776|hsa:6777 0.88267
hsa:1839 hsa:2066 0
hsa:1839 hsa:1956 0.676675
hsa:374|hsa:727738 hsa:1956 UNKNOWN
hsa:7039 hsa:1956 0.842353
hsa:1956 hsa:2885 0.934634
hsa:1956 hsa:6714 0.975506
hsa:1956 hsa:1398|hsa:1399 1
hsa:1956 hsa:6776|hsa:6777 0.77993
hsa:1956 hsa:5335|hsa:5336 0.815695
hsa:1956 hsa:4690|hsa:8440 1
hsa:1956 hsa:25759|hsa:399694|hsa:53358|hsa:6464 7.84886e-14
hsa:1950 hsa:1956 0.861166
hsa:10000|hsa:207|hsa:208 hsa:1026 0.676522
hsa:10000|hsa:207|hsa:208 hsa:1027 0.951497
hsa:10000|hsa:207|hsa:208 hsa:2932 0.827333
hsa:10000|hsa:207|hsa:208 hsa:572 0.99747
hsa:10000|hsa:207|hsa:208 hsa:2475 0.994984
hsa:23533|hsa:5290|hsa:5291|hsa:5293|hsa:5294|hsa:5295|hsa:5296|hsa:8503 hsa:10000|hsa:207|hsa:208 0.932373
hsa:5335|hsa:5336 hsa:5578|hsa:5579|hsa:5582 0.846799
hsa:5335|hsa:5336 hsa:815|hsa:816|hsa:817|hsa:818 0.933971
