Result Quality: 0.966149

hsa:685 hsa:2066 0.168801
hsa:685 hsa:1956 0.823101
hsa:2475 hsa:1978 0.463763
hsa:2475 hsa:6198|hsa:6199 0.869592
hsa:2549 hsa:23533|hsa:5290|hsa:5291|hsa:5293|hsa:5294|hsa:5295|hsa:5296|hsa:8503 1
hsa:5594|hsa:5595 hsa:2002 0.998548
hsa:5594|hsa:5595 hsa:4609 0.420423
hsa:5604|hsa:5605 hsa:5594|hsa:5595 1
hsa:369|hsa:5894|hsa:673 hsa:5604|hsa:5605 0.904459
hsa:3265|hsa:3845|hsa:4893 hsa:369|hsa:5894|hsa:673 0.9541
hsa:6654|hsa:6655 hsa:3265|hsa:3845|hsa:4893 0.974975
hsa:5599|hsa:5601|hsa:5602 hsa:2002 0
hsa:5599|hsa:5601|hsa:5602 hsa:3725 1
hsa:5609|hsa:6416 hsa:5599|hsa:5601|hsa:5602 1
hsa:10298|hsa:5058|hsa:5062|hsa:5063|hsa:56924|hsa:57144 hsa:5609|hsa:6416 0.913805
hsa:2885 hsa:2549 1
hsa:2885 hsa:6654|hsa:6655 1
hsa:6714 hsa:5747 0.336366
hsa:1398|hsa:1399 hsa:25|hsa:27 1
hsa:4690|hsa:8440 hsa:10298|hsa:5058|hsa:5062|hsa:5063|hsa:56924|hsa:57144 0.949622
hsa:25759|hsa:399694|hsa:53358|hsa:6464 hsa:2885 0
hsa:145957 hsa:1398|hsa:1399 UNKNOWN
hsa:145957 hsa:23624|hsa:867|hsa:868 UNKNOWN
hsa:145957 hsa:2066 UNKNOWN
hsa:10718 hsa:2066 UNKNOWN
hsa:9542 hsa:2066 0.698224
hsa:9542 hsa:2065 0.689318
hsa:2065 hsa:25759|hsa:399694|hsa:53358|hsa:6464 1
hsa:2065 hsa:2885 1
hsa:2065 hsa:23533|hsa:5290|hsa:5291|hsa:5293|hsa:5294|hsa:5295|hsa:5296|hsa:8503 0.999143
hsa:3084 hsa:2066 0.999868
hsa:3084 hsa:2065 1
hsa:2069 hsa:2066 0.038342
hsa:2069 hsa:1956 0.700946
hsa:2066 hsa:6776|hsa:6777 0.87159
hsa:1839 hsa:2066 0
hsa:1839 hsa:1956 0.375505
hsa:374|hsa:727738 hsa:1956 UNKNOWN
hsa:7039 hsa:1956 0.999961
hsa:1956 hsa:2885 0.993464
hsa:1956 hsa:6714 1
hsa:1956 hsa:1398|hsa:1399 0.924424
hsa:1956 hsa:6776|hsa:6777 0.853557
hsa:1956 hsa:5335|hsa:5336 0.925542
hsa:1956 hsa:4690|hsa:8440 0.99528
hsa:1956 hsa:25759|hsa:399694|hsa:53358|hsa:6464 0.000610167
hsa:1950 hsa:1956 0.872073
hsa:10000|hsa:207|hsa:208 hsa:1026 0.766897
hsa:10000|hsa:207|hsa:208 hsa:1027 0.836152
hsa:10000|hsa:207|hsa:208 hsa:2932 1
hsa:10000|hsa:207|hsa:208 hsa:572 0.501176
hsa:10000|hsa:207|hsa:208 hsa:2475 0.96122
hsa:23533|hsa:5290|hsa:5291|hsa:5293|hsa:5294|hsa:5295|hsa:5296|hsa:8503 hsa:10000|hsa:207|hsa:208 0.93449
hsa:5335|hsa:5336 hsa:5578|hsa:5579|hsa:5582 0.938892
hsa:5335|hsa:5336 hsa:815|hsa:816|hsa:817|hsa:818 1
