Result Quality: 0.967776

hsa:685 hsa:2066 0
hsa:685 hsa:1956 0.694147
hsa:2475 hsa:1978 0.818823
hsa:2475 hsa:6198|hsa:6199 0.975081
hsa:2549 hsa:23533|hsa:5290|hsa:5291|hsa:5293|hsa:5294|hsa:5295|hsa:5296|hsa:8503 1
hsa:5594|hsa:5595 hsa:2002 0.984248
hsa:5594|hsa:5595 hsa:4609 0.240051
hsa:5604|hsa:5605 hsa:5594|hsa:5595 1
hsa:369|hsa:5894|hsa:673 hsa:5604|hsa:5605 1
hsa:3265|hsa:3845|hsa:4893 hsa:369|hsa:5894|hsa:673 1
hsa:6654|hsa:6655 hsa:3265|hsa:3845|hsa:4893 1
hsa:5599|hsa:5601|hsa:5602 hsa:2002 0
hsa:5599|hsa:5601|hsa:5602 hsa:3725 0.660859
hsa:5609|hsa:6416 hsa:5599|hsa:5601|hsa:5602 0.908872
hsa:10298|hsa:5058|hsa:5062|hsa:5063|hsa:56924|hsa:57144 hsa:5609|hsa:6416 0.991211
hsa:2885 hsa:2549 1
hsa:2885 hsa:6654|hsa:6655 0.94438
hsa:6714 hsa:5747 0.572763
hsa:1398|hsa:1399 hsa:25|hsa:27 0.931395
hsa:4690|hsa:8440 hsa:10298|hsa:5058|hsa:5062|hsa:5063|hsa:56924|hsa:57144 0.958485
hsa:25759|hsa:399694|hsa:53358|hsa:6464 hsa:2885 1
hsa:145957 hsa:1398|hsa:1399 UNKNOWN
hsa:145957 hsa:23624|hsa:867|hsa:868 UNKNOWN
hsa:145957 hsa:2066 UNKNOWN
hsa:10718 hsa:2066 UNKNOWN
hsa:9542 hsa:2066 0.800083
hsa:9542 hsa:2065 0.764679
hsa:2065 hsa:25759|hsa:399694|hsa:53358|hsa:6464 1
hsa:2065 hsa:2885 1
hsa:2065 hsa:23533|hsa:5290|hsa:5291|hsa:5293|hsa:5294|hsa:5295|hsa:5296|hsa:8503 0.998769
hsa:3084 hsa:2066 1
hsa:3084 hsa:2065 0.984004
hsa:2069 hsa:2066 0.0709445
hsa:2069 hsa:1956 0.831622
hsa:2066 hsa:6776|hsa:6777 0.912973
hsa:1839 hsa:2066 0
hsa:1839 hsa:1956 0.401141
hsa:374|hsa:727738 hsa:1956 UNKNOWN
hsa:7039 hsa:1956 0.982865
hsa:1956 hsa:2885 0.907362
hsa:1956 hsa:6714 0.929417
hsa:1956 hsa:1398|hsa:1399 0.848808
hsa:1956 hsa:6776|hsa:6777 0.784255
hsa:1956 hsa:5335|hsa:5336 0.868848
hsa:1956 hsa:4690|hsa:8440 0.89306
hsa:1956 hsa:25759|hsa:399694|hsa:53358|hsa:6464 0.000104342
hsa:1950 hsa:1956 0.877963
hsa:10000|hsa:207|hsa:208 hsa:1026 0.363178
hsa:10000|hsa:207|hsa:208 hsa:1027 0.736593
hsa:10000|hsa:207|hsa:208 hsa:2932 1
hsa:10000|hsa:207|hsa:208 hsa:572 0.828986
hsa:10000|hsa:207|hsa:208 hsa:2475 0.990982
hsa:23533|hsa:5290|hsa:5291|hsa:5293|hsa:5294|hsa:5295|hsa:5296|hsa:8503 hsa:10000|hsa:207|hsa:208 0.883211
hsa:5335|hsa:5336 hsa:5578|hsa:5579|hsa:5582 0.859516
hsa:5335|hsa:5336 hsa:815|hsa:816|hsa:817|hsa:818 0.83449
