Result Quality: 0.967403

hsa:685 hsa:2066 0.997925
hsa:685 hsa:1956 0.83874
hsa:2475 hsa:1978 0.877499
hsa:2475 hsa:6198|hsa:6199 0.874569
hsa:2549 hsa:23533|hsa:5290|hsa:5291|hsa:5293|hsa:5294|hsa:5295|hsa:5296|hsa:8503 0.826167
hsa:5594|hsa:5595 hsa:2002 0.963012
hsa:5594|hsa:5595 hsa:4609 0.804834
hsa:5604|hsa:5605 hsa:5594|hsa:5595 0.990814
hsa:369|hsa:5894|hsa:673 hsa:5604|hsa:5605 0.977752
hsa:3265|hsa:3845|hsa:4893 hsa:369|hsa:5894|hsa:673 0.874569
hsa:6654|hsa:6655 hsa:3265|hsa:3845|hsa:4893 0.893674
hsa:5599|hsa:5601|hsa:5602 hsa:2002 0.961943
hsa:5599|hsa:5601|hsa:5602 hsa:3725 0.476699
hsa:5609|hsa:6416 hsa:5599|hsa:5601|hsa:5602 0.97235
hsa:10298|hsa:5058|hsa:5062|hsa:5063|hsa:56924|hsa:57144 hsa:5609|hsa:6416 0.820856
hsa:2885 hsa:2549 0.981262
hsa:2885 hsa:6654|hsa:6655 0.825129
hsa:6714 hsa:5747 0.974425
hsa:1398|hsa:1399 hsa:25|hsa:27 0.964965
hsa:4690|hsa:8440 hsa:10298|hsa:5058|hsa:5062|hsa:5063|hsa:56924|hsa:57144 0.93527
hsa:25759|hsa:399694|hsa:53358|hsa:6464 hsa:2885 0.491562
hsa:145957 hsa:1398|hsa:1399 UNKNOWN
hsa:145957 hsa:23624|hsa:867|hsa:868 UNKNOWN
hsa:145957 hsa:2066 UNKNOWN
hsa:10718 hsa:2066 UNKNOWN
hsa:9542 hsa:2066 0.988617
hsa:9542 hsa:2065 0.939116
hsa:2065 hsa:25759|hsa:399694|hsa:53358|hsa:6464 0.954497
hsa:2065 hsa:2885 0.218207
hsa:2065 hsa:23533|hsa:5290|hsa:5291|hsa:5293|hsa:5294|hsa:5295|hsa:5296|hsa:8503 0.423414
hsa:3084 hsa:2066 0.962645
hsa:3084 hsa:2065 0.995849
hsa:2069 hsa:2066 0.992401
hsa:2069 hsa:1956 0.972442
hsa:2066 hsa:6776|hsa:6777 0.612781
hsa:1839 hsa:2066 0.913114
hsa:1839 hsa:1956 0.242317
hsa:374|hsa:727738 hsa:1956 UNKNOWN
hsa:7039 hsa:1956 0.913022
hsa:1956 hsa:2885 0.86053
hsa:1956 hsa:6714 0.740349
hsa:1956 hsa:1398|hsa:1399 0.966826
hsa:1956 hsa:6776|hsa:6777 0.988922
hsa:1956 hsa:5335|hsa:5336 0.887204
hsa:1956 hsa:4690|hsa:8440 0.997772
hsa:1956 hsa:25759|hsa:399694|hsa:53358|hsa:6464 0.585223
hsa:1950 hsa:1956 0.986236
hsa:10000|hsa:207|hsa:208 hsa:1026 0.93054
hsa:10000|hsa:207|hsa:208 hsa:1027 0.860714
hsa:10000|hsa:207|hsa:208 hsa:2932 0.999237
hsa:10000|hsa:207|hsa:208 hsa:572 0.983795
hsa:10000|hsa:207|hsa:208 hsa:2475 0.858913
hsa:23533|hsa:5290|hsa:5291|hsa:5293|hsa:5294|hsa:5295|hsa:5296|hsa:8503 hsa:10000|hsa:207|hsa:208 0.933775
hsa:5335|hsa:5336 hsa:5578|hsa:5579|hsa:5582 0.986938
hsa:5335|hsa:5336 hsa:815|hsa:816|hsa:817|hsa:818 0.934477
