Result Quality: 0.96383

hsa:685 hsa:2066 0.440962
hsa:685 hsa:1956 0.984497
hsa:2475 hsa:1978 0.989898
hsa:2475 hsa:6198|hsa:6199 0.995331
hsa:2549 hsa:23533|hsa:5290|hsa:5291|hsa:5293|hsa:5294|hsa:5295|hsa:5296|hsa:8503 0.897
hsa:5594|hsa:5595 hsa:2002 0.963408
hsa:5594|hsa:5595 hsa:4609 0.539995
hsa:5604|hsa:5605 hsa:5594|hsa:5595 0.968505
hsa:369|hsa:5894|hsa:673 hsa:5604|hsa:5605 0.523972
hsa:3265|hsa:3845|hsa:4893 hsa:369|hsa:5894|hsa:673 0.998138
hsa:6654|hsa:6655 hsa:3265|hsa:3845|hsa:4893 0.951079
hsa:5599|hsa:5601|hsa:5602 hsa:2002 0.968017
hsa:5599|hsa:5601|hsa:5602 hsa:3725 0.713248
hsa:5609|hsa:6416 hsa:5599|hsa:5601|hsa:5602 0.909574
hsa:10298|hsa:5058|hsa:5062|hsa:5063|hsa:56924|hsa:57144 hsa:5609|hsa:6416 0.478164
hsa:2885 hsa:2549 0.975616
hsa:2885 hsa:6654|hsa:6655 0.971526
hsa:6714 hsa:5747 0.146458
hsa:1398|hsa:1399 hsa:25|hsa:27 0.988372
hsa:4690|hsa:8440 hsa:10298|hsa:5058|hsa:5062|hsa:5063|hsa:56924|hsa:57144 0.975372
hsa:25759|hsa:399694|hsa:53358|hsa:6464 hsa:2885 0.92288
hsa:145957 hsa:1398|hsa:1399 UNKNOWN
hsa:145957 hsa:23624|hsa:867|hsa:868 UNKNOWN
hsa:145957 hsa:2066 UNKNOWN
hsa:10718 hsa:2066 UNKNOWN
hsa:9542 hsa:2066 0.974181
hsa:9542 hsa:2065 0.916684
hsa:2065 hsa:25759|hsa:399694|hsa:53358|hsa:6464 0.995544
hsa:2065 hsa:2885 0.9859
hsa:2065 hsa:23533|hsa:5290|hsa:5291|hsa:5293|hsa:5294|hsa:5295|hsa:5296|hsa:8503 0.984069
hsa:3084 hsa:2066 0.997406
hsa:3084 hsa:2065 0.789331
hsa:2069 hsa:2066 0.987365
hsa:2069 hsa:1956 0.978912
hsa:2066 hsa:6776|hsa:6777 0.992828
hsa:1839 hsa:2066 0.963744
hsa:1839 hsa:1956 0.481979
hsa:374|hsa:727738 hsa:1956 UNKNOWN
hsa:7039 hsa:1956 0.971526
hsa:1956 hsa:2885 0.86169
hsa:1956 hsa:6714 0.977874
hsa:1956 hsa:1398|hsa:1399 0.981536
hsa:1956 hsa:6776|hsa:6777 0.974914
hsa:1956 hsa:5335|hsa:5336 0.909116
hsa:1956 hsa:4690|hsa:8440 0.946623
hsa:1956 hsa:25759|hsa:399694|hsa:53358|hsa:6464 0.935789
hsa:1950 hsa:1956 0.947081
hsa:10000|hsa:207|hsa:208 hsa:1026 0.86166
hsa:10000|hsa:207|hsa:208 hsa:1027 0.958922
hsa:10000|hsa:207|hsa:208 hsa:2932 0.999023
hsa:10000|hsa:207|hsa:208 hsa:572 0.879299
hsa:10000|hsa:207|hsa:208 hsa:2475 0.973449
hsa:23533|hsa:5290|hsa:5291|hsa:5293|hsa:5294|hsa:5295|hsa:5296|hsa:8503 hsa:10000|hsa:207|hsa:208 0.691855
hsa:5335|hsa:5336 hsa:5578|hsa:5579|hsa:5582 0.991699
hsa:5335|hsa:5336 hsa:815|hsa:816|hsa:817|hsa:818 0.982391
