Result Quality: 0.963697

hsa:685 hsa:2066 0.975799
hsa:685 hsa:1956 0.817682
hsa:2475 hsa:1978 0.962157
hsa:2475 hsa:6198|hsa:6199 0.984283
hsa:2549 hsa:23533|hsa:5290|hsa:5291|hsa:5293|hsa:5294|hsa:5295|hsa:5296|hsa:8503 0.605701
hsa:5594|hsa:5595 hsa:2002 0.995819
hsa:5594|hsa:5595 hsa:4609 0.99057
hsa:5604|hsa:5605 hsa:5594|hsa:5595 0.937712
hsa:369|hsa:5894|hsa:673 hsa:5604|hsa:5605 0.996673
hsa:3265|hsa:3845|hsa:4893 hsa:369|hsa:5894|hsa:673 0.987213
hsa:6654|hsa:6655 hsa:3265|hsa:3845|hsa:4893 0.957396
hsa:5599|hsa:5601|hsa:5602 hsa:2002 0.141392
hsa:5599|hsa:5601|hsa:5602 hsa:3725 0.986938
hsa:5609|hsa:6416 hsa:5599|hsa:5601|hsa:5602 0.98468
hsa:10298|hsa:5058|hsa:5062|hsa:5063|hsa:56924|hsa:57144 hsa:5609|hsa:6416 0.979308
hsa:2885 hsa:2549 0.982971
hsa:2885 hsa:6654|hsa:6655 0.997192
hsa:6714 hsa:5747 0.624622
hsa:1398|hsa:1399 hsa:25|hsa:27 0.996857
hsa:4690|hsa:8440 hsa:10298|hsa:5058|hsa:5062|hsa:5063|hsa:56924|hsa:57144 0.936308
hsa:25759|hsa:399694|hsa:53358|hsa:6464 hsa:2885 0.989166
hsa:145957 hsa:1398|hsa:1399 UNKNOWN
hsa:145957 hsa:23624|hsa:867|hsa:868 UNKNOWN
hsa:145957 hsa:2066 UNKNOWN
hsa:10718 hsa:2066 UNKNOWN
hsa:9542 hsa:2066 0.96881
hsa:9542 hsa:2065 0.921384
hsa:2065 hsa:25759|hsa:399694|hsa:53358|hsa:6464 0.999115
hsa:2065 hsa:2885 0.917295
hsa:2065 hsa:23533|hsa:5290|hsa:5291|hsa:5293|hsa:5294|hsa:5295|hsa:5296|hsa:8503 0.465346
hsa:3084 hsa:2066 0.698599
hsa:3084 hsa:2065 0.961913
hsa:2069 hsa:2066 0.996521
hsa:2069 hsa:1956 0.849788
hsa:2066 hsa:6776|hsa:6777 0.956542
hsa:1839 hsa:2066 0.989196
hsa:1839 hsa:1956 0.87289
hsa:374|hsa:727738 hsa:1956 UNKNOWN
hsa:7039 hsa:1956 0.997864
hsa:1956 hsa:2885 0.994049
hsa:1956 hsa:6714 0.993255
hsa:1956 hsa:1398|hsa:1399 0.997894
hsa:1956 hsa:6776|hsa:6777 0.954131
hsa:1956 hsa:5335|hsa:5336 0.963713
hsa:1956 hsa:4690|hsa:8440 0.907437
hsa:1956 hsa:25759|hsa:399694|hsa:53358|hsa:6464 0.996948
hsa:1950 hsa:1956 0.986297
hsa:10000|hsa:207|hsa:208 hsa:1026 0.984832
hsa:10000|hsa:207|hsa:208 hsa:1027 0.936522
hsa:10000|hsa:207|hsa:208 hsa:2932 0.974303
hsa:10000|hsa:207|hsa:208 hsa:572 0.98413
hsa:10000|hsa:207|hsa:208 hsa:2475 0.997009
hsa:23533|hsa:5290|hsa:5291|hsa:5293|hsa:5294|hsa:5295|hsa:5296|hsa:8503 hsa:10000|hsa:207|hsa:208 0.988006
hsa:5335|hsa:5336 hsa:5578|hsa:5579|hsa:5582 0.994598
hsa:5335|hsa:5336 hsa:815|hsa:816|hsa:817|hsa:818 0.994781
