Result Quality: 0.961334

hsa:685 hsa:2066 0.900235
hsa:685 hsa:1956 0.244789
hsa:2475 hsa:1978 0.470901
hsa:2475 hsa:6198|hsa:6199 0.933897
hsa:2549 hsa:23533|hsa:5290|hsa:5291|hsa:5293|hsa:5294|hsa:5295|hsa:5296|hsa:8503 0.98117
hsa:5594|hsa:5595 hsa:2002 0.992737
hsa:5594|hsa:5595 hsa:4609 0.977325
hsa:5604|hsa:5605 hsa:5594|hsa:5595 0.986084
hsa:369|hsa:5894|hsa:673 hsa:5604|hsa:5605 0.964751
hsa:3265|hsa:3845|hsa:4893 hsa:369|hsa:5894|hsa:673 0.360698
hsa:6654|hsa:6655 hsa:3265|hsa:3845|hsa:4893 0.968902
hsa:5599|hsa:5601|hsa:5602 hsa:2002 0.976073
hsa:5599|hsa:5601|hsa:5602 hsa:3725 0.999329
hsa:5609|hsa:6416 hsa:5599|hsa:5601|hsa:5602 0.995483
hsa:10298|hsa:5058|hsa:5062|hsa:5063|hsa:56924|hsa:57144 hsa:5609|hsa:6416 0.946623
hsa:2885 hsa:2549 0.926359
hsa:2885 hsa:6654|hsa:6655 0.793359
hsa:6714 hsa:5747 0.967345
hsa:1398|hsa:1399 hsa:25|hsa:27 0.954131
hsa:4690|hsa:8440 hsa:10298|hsa:5058|hsa:5062|hsa:5063|hsa:56924|hsa:57144 0.953032
hsa:25759|hsa:399694|hsa:53358|hsa:6464 hsa:2885 0.977874
hsa:145957 hsa:1398|hsa:1399 UNKNOWN
hsa:145957 hsa:23624|hsa:867|hsa:868 UNKNOWN
hsa:145957 hsa:2066 UNKNOWN
hsa:10718 hsa:2066 UNKNOWN
hsa:9542 hsa:2066 0.895535
hsa:9542 hsa:2065 0.998291
hsa:2065 hsa:25759|hsa:399694|hsa:53358|hsa:6464 0.992401
hsa:2065 hsa:2885 0.928648
hsa:2065 hsa:23533|hsa:5290|hsa:5291|hsa:5293|hsa:5294|hsa:5295|hsa:5296|hsa:8503 0.995636
hsa:3084 hsa:2066 0.98764
hsa:3084 hsa:2065 0.995819
hsa:2069 hsa:2066 0.397351
hsa:2069 hsa:1956 0.723777
hsa:2066 hsa:6776|hsa:6777 0.719352
hsa:1839 hsa:2066 0.747856
hsa:1839 hsa:1956 0.210822
hsa:374|hsa:727738 hsa:1956 UNKNOWN
hsa:7039 hsa:1956 0.987121
hsa:1956 hsa:2885 0.996155
hsa:1956 hsa:6714 0.800745
hsa:1956 hsa:1398|hsa:1399 0.878353
hsa:1956 hsa:6776|hsa:6777 0.958464
hsa:1956 hsa:5335|hsa:5336 0.970824
hsa:1956 hsa:4690|hsa:8440 0.978118
hsa:1956 hsa:25759|hsa:399694|hsa:53358|hsa:6464 0.774865
hsa:1950 hsa:1956 0.938841
hsa:10000|hsa:207|hsa:208 hsa:1026 0.897153
hsa:10000|hsa:207|hsa:208 hsa:1027 0.996124
hsa:10000|hsa:207|hsa:208 hsa:2932 0.935972
hsa:10000|hsa:207|hsa:208 hsa:572 0.998657
hsa:10000|hsa:207|hsa:208 hsa:2475 0.99884
hsa:23533|hsa:5290|hsa:5291|hsa:5293|hsa:5294|hsa:5295|hsa:5296|hsa:8503 hsa:10000|hsa:207|hsa:208 0.961425
hsa:5335|hsa:5336 hsa:5578|hsa:5579|hsa:5582 0.999847
hsa:5335|hsa:5336 hsa:815|hsa:816|hsa:817|hsa:818 0.949309
