Result Quality: 0.960766

hsa:685 hsa:2066 0.968505
hsa:685 hsa:1956 0.570757
hsa:2475 hsa:1978 0.965789
hsa:2475 hsa:6198|hsa:6199 0.99704
hsa:2549 hsa:23533|hsa:5290|hsa:5291|hsa:5293|hsa:5294|hsa:5295|hsa:5296|hsa:8503 0.993347
hsa:5594|hsa:5595 hsa:2002 0.983856
hsa:5594|hsa:5595 hsa:4609 0.414655
hsa:5604|hsa:5605 hsa:5594|hsa:5595 0.922605
hsa:369|hsa:5894|hsa:673 hsa:5604|hsa:5605 0.995605
hsa:3265|hsa:3845|hsa:4893 hsa:369|hsa:5894|hsa:673 0.740501
hsa:6654|hsa:6655 hsa:3265|hsa:3845|hsa:4893 0.997711
hsa:5599|hsa:5601|hsa:5602 hsa:2002 0.971252
hsa:5599|hsa:5601|hsa:5602 hsa:3725 0.997162
hsa:5609|hsa:6416 hsa:5599|hsa:5601|hsa:5602 0.990143
hsa:10298|hsa:5058|hsa:5062|hsa:5063|hsa:56924|hsa:57144 hsa:5609|hsa:6416 0.957701
hsa:2885 hsa:2549 0.990539
hsa:2885 hsa:6654|hsa:6655 0.972472
hsa:6714 hsa:5747 0.985778
hsa:1398|hsa:1399 hsa:25|hsa:27 0.992096
hsa:4690|hsa:8440 hsa:10298|hsa:5058|hsa:5062|hsa:5063|hsa:56924|hsa:57144 0.983703
hsa:25759|hsa:399694|hsa:53358|hsa:6464 hsa:2885 0.967833
hsa:145957 hsa:1398|hsa:1399 UNKNOWN
hsa:145957 hsa:23624|hsa:867|hsa:868 UNKNOWN
hsa:145957 hsa:2066 UNKNOWN
hsa:10718 hsa:2066 UNKNOWN
hsa:9542 hsa:2066 0.987121
hsa:9542 hsa:2065 0.98468
hsa:2065 hsa:25759|hsa:399694|hsa:53358|hsa:6464 0.48442
hsa:2065 hsa:2885 0.91644
hsa:2065 hsa:23533|hsa:5290|hsa:5291|hsa:5293|hsa:5294|hsa:5295|hsa:5296|hsa:8503 0.985351
hsa:3084 hsa:2066 0.965606
hsa:3084 hsa:2065 0.533372
hsa:2069 hsa:2066 0.560015
hsa:2069 hsa:1956 0.992187
hsa:2066 hsa:6776|hsa:6777 0.881466
hsa:1839 hsa:2066 0.996185
hsa:1839 hsa:1956 0.584979
hsa:374|hsa:727738 hsa:1956 UNKNOWN
hsa:7039 hsa:1956 0.979369
hsa:1956 hsa:2885 0.958464
hsa:1956 hsa:6714 0.965972
hsa:1956 hsa:1398|hsa:1399 0.977905
hsa:1956 hsa:6776|hsa:6777 0.982818
hsa:1956 hsa:5335|hsa:5336 0.982971
hsa:1956 hsa:4690|hsa:8440 0.978851
hsa:1956 hsa:25759|hsa:399694|hsa:53358|hsa:6464 0.996368
hsa:1950 hsa:1956 0.960753
hsa:10000|hsa:207|hsa:208 hsa:1026 0.157537
hsa:10000|hsa:207|hsa:208 hsa:1027 0.999207
hsa:10000|hsa:207|hsa:208 hsa:2932 0.997833
hsa:10000|hsa:207|hsa:208 hsa:572 0.995727
hsa:10000|hsa:207|hsa:208 hsa:2475 0.98294
hsa:23533|hsa:5290|hsa:5291|hsa:5293|hsa:5294|hsa:5295|hsa:5296|hsa:8503 hsa:10000|hsa:207|hsa:208 0.899808
hsa:5335|hsa:5336 hsa:5578|hsa:5579|hsa:5582 0.996857
hsa:5335|hsa:5336 hsa:815|hsa:816|hsa:817|hsa:818 0.993988
