hsa:685 hsa:2066 0.48956
hsa:685 hsa:1956 0.534411
hsa:2475 hsa:1978 0.491496
hsa:2475 hsa:6198|hsa:6199 0.492753
hsa:2549 hsa:23533|hsa:5290|hsa:5291|hsa:5293|hsa:5294|hsa:5295|hsa:5296|hsa:8503 0.498036
hsa:5594|hsa:5595 hsa:2002 0.489292
hsa:5594|hsa:5595 hsa:4609 0.4895
hsa:5604|hsa:5605 hsa:5594|hsa:5595 0.489899
hsa:369|hsa:5894|hsa:673 hsa:5604|hsa:5605 0.4899
hsa:3265|hsa:3845|hsa:4893 hsa:369|hsa:5894|hsa:673 0.489901
hsa:6654|hsa:6655 hsa:3265|hsa:3845|hsa:4893 0.4899
hsa:5599|hsa:5601|hsa:5602 hsa:2002 0.489723
hsa:5599|hsa:5601|hsa:5602 hsa:3725 0.489546
hsa:5609|hsa:6416 hsa:5599|hsa:5601|hsa:5602 0.490375
hsa:10298|hsa:5058|hsa:5062|hsa:5063|hsa:56924|hsa:57144 hsa:5609|hsa:6416 0.490377
hsa:2885 hsa:2549 0.498032
hsa:2885 hsa:6654|hsa:6655 0.489898
hsa:6714 hsa:5747 0.49527
hsa:1398|hsa:1399 hsa:25|hsa:27 0.501675
hsa:4690|hsa:8440 hsa:10298|hsa:5058|hsa:5062|hsa:5063|hsa:56924|hsa:57144 0.490377
hsa:25759|hsa:399694|hsa:53358|hsa:6464 hsa:2885 0.490913
hsa:145957 hsa:1398|hsa:1399 0.494187
hsa:145957 hsa:23624|hsa:867|hsa:868 0.508236
hsa:145957 hsa:2066 0.493761
hsa:10718 hsa:2066 0.488923
hsa:9542 hsa:2066 0.490012
hsa:9542 hsa:2065 0.497329
hsa:2065 hsa:25759|hsa:399694|hsa:53358|hsa:6464 0.489271
hsa:2065 hsa:2885 0.490408
hsa:2065 hsa:23533|hsa:5290|hsa:5291|hsa:5293|hsa:5294|hsa:5295|hsa:5296|hsa:8503 0.498754
hsa:3084 hsa:2066 0.487667
hsa:3084 hsa:2065 0.49206
hsa:2069 hsa:2066 0.486574
hsa:2069 hsa:1956 0.498303
hsa:2066 hsa:6776|hsa:6777 0.492663
hsa:1839 hsa:2066 0.489482
hsa:1839 hsa:1956 0.497906
hsa:374|hsa:727738 hsa:1956 0.488894
hsa:7039 hsa:1956 0.509447
hsa:1956 hsa:2885 0.495619
hsa:1956 hsa:6714 0.495271
hsa:1956 hsa:1398|hsa:1399 0.496539
hsa:1956 hsa:6776|hsa:6777 0.500114
hsa:1956 hsa:5335|hsa:5336 0.51229
hsa:1956 hsa:4690|hsa:8440 0.490381
hsa:1956 hsa:25759|hsa:399694|hsa:53358|hsa:6464 0.490543
hsa:1950 hsa:1956 0.500687
hsa:10000|hsa:207|hsa:208 hsa:1026 0.494227
hsa:10000|hsa:207|hsa:208 hsa:1027 0.490467
hsa:10000|hsa:207|hsa:208 hsa:2932 0.492479
hsa:10000|hsa:207|hsa:208 hsa:572 0.492108
hsa:10000|hsa:207|hsa:208 hsa:2475 0.494197
hsa:23533|hsa:5290|hsa:5291|hsa:5293|hsa:5294|hsa:5295|hsa:5296|hsa:8503 hsa:10000|hsa:207|hsa:208 0.507376
hsa:5335|hsa:5336 hsa:5578|hsa:5579|hsa:5582 0.501628
hsa:5335|hsa:5336 hsa:815|hsa:816|hsa:817|hsa:818 0.500092
