Result Quality: 0.966505

hsa:685 hsa:2066 0
hsa:685 hsa:1956 0.730673
hsa:2475 hsa:1978 0.777977
hsa:2475 hsa:6198|hsa:6199 0.712444
hsa:2549 hsa:23533|hsa:5290|hsa:5291|hsa:5293|hsa:5294|hsa:5295|hsa:5296|hsa:8503 1
hsa:5594|hsa:5595 hsa:2002 0.709498
hsa:5594|hsa:5595 hsa:4609 0.998208
hsa:5604|hsa:5605 hsa:5594|hsa:5595 1
hsa:369|hsa:5894|hsa:673 hsa:5604|hsa:5605 1
hsa:3265|hsa:3845|hsa:4893 hsa:369|hsa:5894|hsa:673 1
hsa:6654|hsa:6655 hsa:3265|hsa:3845|hsa:4893 0.788363
hsa:5599|hsa:5601|hsa:5602 hsa:2002 0
hsa:5599|hsa:5601|hsa:5602 hsa:3725 0.999697
hsa:5609|hsa:6416 hsa:5599|hsa:5601|hsa:5602 0.395202
hsa:10298|hsa:5058|hsa:5062|hsa:5063|hsa:56924|hsa:57144 hsa:5609|hsa:6416 0.983123
hsa:2885 hsa:2549 1
hsa:2885 hsa:6654|hsa:6655 0.970011
hsa:6714 hsa:5747 0.603148
hsa:1398|hsa:1399 hsa:25|hsa:27 0.859975
hsa:4690|hsa:8440 hsa:10298|hsa:5058|hsa:5062|hsa:5063|hsa:56924|hsa:57144 0.968047
hsa:25759|hsa:399694|hsa:53358|hsa:6464 hsa:2885 UNKNOWN
hsa:145957 hsa:1398|hsa:1399 1
hsa:145957 hsa:23624|hsa:867|hsa:868 0.882195
hsa:145957 hsa:2066 1
hsa:10718 hsa:2066 0.299343
hsa:9542 hsa:2066 0.458195
hsa:9542 hsa:2065 1
hsa:2065 hsa:25759|hsa:399694|hsa:53358|hsa:6464 UNKNOWN
hsa:2065 hsa:2885 1
hsa:2065 hsa:23533|hsa:5290|hsa:5291|hsa:5293|hsa:5294|hsa:5295|hsa:5296|hsa:8503 1
hsa:3084 hsa:2066 0.117403
hsa:3084 hsa:2065 0.708543
hsa:2069 hsa:2066 0
hsa:2069 hsa:1956 0.709209
hsa:2066 hsa:6776|hsa:6777 0.816222
hsa:1839 hsa:2066 0
hsa:1839 hsa:1956 0.715608
hsa:374|hsa:727738 hsa:1956 UNKNOWN
hsa:7039 hsa:1956 0.87728
hsa:1956 hsa:2885 0.979611
hsa:1956 hsa:6714 0.997949
hsa:1956 hsa:1398|hsa:1399 0.788222
hsa:1956 hsa:6776|hsa:6777 0.834722
hsa:1956 hsa:5335|hsa:5336 0.997333
hsa:1956 hsa:4690|hsa:8440 0.997203
hsa:1956 hsa:25759|hsa:399694|hsa:53358|hsa:6464 UNKNOWN
hsa:1950 hsa:1956 0.541135
hsa:10000|hsa:207|hsa:208 hsa:1026 0.847838
hsa:10000|hsa:207|hsa:208 hsa:1027 0.441055
hsa:10000|hsa:207|hsa:208 hsa:2932 0.608458
hsa:10000|hsa:207|hsa:208 hsa:572 0.544557
hsa:10000|hsa:207|hsa:208 hsa:2475 1
hsa:23533|hsa:5290|hsa:5291|hsa:5293|hsa:5294|hsa:5295|hsa:5296|hsa:8503 hsa:10000|hsa:207|hsa:208 1
hsa:5335|hsa:5336 hsa:5578|hsa:5579|hsa:5582 0.999481
hsa:5335|hsa:5336 hsa:815|hsa:816|hsa:817|hsa:818 0.889592
