Result Quality: 0.966527

hsa:685 hsa:2066 0
hsa:685 hsa:1956 0.728019
hsa:2475 hsa:1978 0.817624
hsa:2475 hsa:6198|hsa:6199 0.730157
hsa:2549 hsa:23533|hsa:5290|hsa:5291|hsa:5293|hsa:5294|hsa:5295|hsa:5296|hsa:8503 1
hsa:5594|hsa:5595 hsa:2002 0.660552
hsa:5594|hsa:5595 hsa:4609 0.920786
hsa:5604|hsa:5605 hsa:5594|hsa:5595 1
hsa:369|hsa:5894|hsa:673 hsa:5604|hsa:5605 1
hsa:3265|hsa:3845|hsa:4893 hsa:369|hsa:5894|hsa:673 1
hsa:6654|hsa:6655 hsa:3265|hsa:3845|hsa:4893 1
hsa:5599|hsa:5601|hsa:5602 hsa:2002 0
hsa:5599|hsa:5601|hsa:5602 hsa:3725 1
hsa:5609|hsa:6416 hsa:5599|hsa:5601|hsa:5602 1
hsa:10298|hsa:5058|hsa:5062|hsa:5063|hsa:56924|hsa:57144 hsa:5609|hsa:6416 1
hsa:2885 hsa:2549 1
hsa:2885 hsa:6654|hsa:6655 0.870373
hsa:6714 hsa:5747 0.998055
hsa:1398|hsa:1399 hsa:25|hsa:27 0.86126
hsa:4690|hsa:8440 hsa:10298|hsa:5058|hsa:5062|hsa:5063|hsa:56924|hsa:57144 1
hsa:25759|hsa:399694|hsa:53358|hsa:6464 hsa:2885 UNKNOWN
hsa:145957 hsa:1398|hsa:1399 0.998522
hsa:145957 hsa:23624|hsa:867|hsa:868 0.882195
hsa:145957 hsa:2066 1
hsa:10718 hsa:2066 0.29934
hsa:9542 hsa:2066 0.458189
hsa:9542 hsa:2065 1
hsa:2065 hsa:25759|hsa:399694|hsa:53358|hsa:6464 UNKNOWN
hsa:2065 hsa:2885 1
hsa:2065 hsa:23533|hsa:5290|hsa:5291|hsa:5293|hsa:5294|hsa:5295|hsa:5296|hsa:8503 1
hsa:3084 hsa:2066 0.117407
hsa:3084 hsa:2065 0.675229
hsa:2069 hsa:2066 0
hsa:2069 hsa:1956 0.746087
hsa:2066 hsa:6776|hsa:6777 0.816215
hsa:1839 hsa:2066 0
hsa:1839 hsa:1956 0.75072
hsa:374|hsa:727738 hsa:1956 UNKNOWN
hsa:7039 hsa:1956 0.923153
hsa:1956 hsa:2885 0.897208
hsa:1956 hsa:6714 0.581124
hsa:1956 hsa:1398|hsa:1399 0.763052
hsa:1956 hsa:6776|hsa:6777 0.803045
hsa:1956 hsa:5335|hsa:5336 1
hsa:1956 hsa:4690|hsa:8440 0.357151
hsa:1956 hsa:25759|hsa:399694|hsa:53358|hsa:6464 6.21097e-05
hsa:1950 hsa:1956 0.568614
hsa:10000|hsa:207|hsa:208 hsa:1026 0.88625
hsa:10000|hsa:207|hsa:208 hsa:1027 0.452309
hsa:10000|hsa:207|hsa:208 hsa:2932 0.641692
hsa:10000|hsa:207|hsa:208 hsa:572 0.575878
hsa:10000|hsa:207|hsa:208 hsa:2475 1
hsa:23533|hsa:5290|hsa:5291|hsa:5293|hsa:5294|hsa:5295|hsa:5296|hsa:8503 hsa:10000|hsa:207|hsa:208 1
hsa:5335|hsa:5336 hsa:5578|hsa:5579|hsa:5582 0.956256
hsa:5335|hsa:5336 hsa:815|hsa:816|hsa:817|hsa:818 0.859651
