Result Quality: 0.963417

hsa:685 hsa:2066 0.397626
hsa:685 hsa:1956 0.93878
hsa:2475 hsa:1978 0.988769
hsa:2475 hsa:6198|hsa:6199 0.984466
hsa:2549 hsa:23533|hsa:5290|hsa:5291|hsa:5293|hsa:5294|hsa:5295|hsa:5296|hsa:8503 0.989074
hsa:5594|hsa:5595 hsa:2002 0.660543
hsa:5594|hsa:5595 hsa:4609 0.990539
hsa:5604|hsa:5605 hsa:5594|hsa:5595 0.989685
hsa:369|hsa:5894|hsa:673 hsa:5604|hsa:5605 0.989105
hsa:3265|hsa:3845|hsa:4893 hsa:369|hsa:5894|hsa:673 0.979675
hsa:6654|hsa:6655 hsa:3265|hsa:3845|hsa:4893 0.999603
hsa:5599|hsa:5601|hsa:5602 hsa:2002 0.99826
hsa:5599|hsa:5601|hsa:5602 hsa:3725 0.978851
hsa:5609|hsa:6416 hsa:5599|hsa:5601|hsa:5602 0.624622
hsa:10298|hsa:5058|hsa:5062|hsa:5063|hsa:56924|hsa:57144 hsa:5609|hsa:6416 0.98056
hsa:2885 hsa:2549 0.971099
hsa:2885 hsa:6654|hsa:6655 0.954894
hsa:6714 hsa:5747 0.656911
hsa:1398|hsa:1399 hsa:25|hsa:27 0.980102
hsa:4690|hsa:8440 hsa:10298|hsa:5058|hsa:5062|hsa:5063|hsa:56924|hsa:57144 0.631672
hsa:25759|hsa:399694|hsa:53358|hsa:6464 hsa:2885 0.607318
hsa:145957 hsa:1398|hsa:1399 0.970367
hsa:145957 hsa:23624|hsa:867|hsa:868 0.877194
hsa:145957 hsa:2066 0.953612
hsa:10718 hsa:2066 0.664815
hsa:9542 hsa:2066 0.979705
hsa:9542 hsa:2065 0.996399
hsa:2065 hsa:25759|hsa:399694|hsa:53358|hsa:6464 0.996429
hsa:2065 hsa:2885 0.994263
hsa:2065 hsa:23533|hsa:5290|hsa:5291|hsa:5293|hsa:5294|hsa:5295|hsa:5296|hsa:8503 0.996094
hsa:3084 hsa:2066 0.832545
hsa:3084 hsa:2065 0.743126
hsa:2069 hsa:2066 0.937315
hsa:2069 hsa:1956 0.8146
hsa:2066 hsa:6776|hsa:6777 0.192083
hsa:1839 hsa:2066 0.931883
hsa:1839 hsa:1956 0.992737
hsa:374|hsa:727738 hsa:1956 UNKNOWN
hsa:7039 hsa:1956 0.741234
hsa:1956 hsa:2885 0.990081
hsa:1956 hsa:6714 0.930876
hsa:1956 hsa:1398|hsa:1399 0.997436
hsa:1956 hsa:6776|hsa:6777 0.979858
hsa:1956 hsa:5335|hsa:5336 0.986816
hsa:1956 hsa:4690|hsa:8440 0.895535
hsa:1956 hsa:25759|hsa:399694|hsa:53358|hsa:6464 0.777245
hsa:1950 hsa:1956 0.93289
hsa:10000|hsa:207|hsa:208 hsa:1026 0.934446
hsa:10000|hsa:207|hsa:208 hsa:1027 0.984344
hsa:10000|hsa:207|hsa:208 hsa:2932 0.983734
hsa:10000|hsa:207|hsa:208 hsa:572 0.975585
hsa:10000|hsa:207|hsa:208 hsa:2475 0.992553
hsa:23533|hsa:5290|hsa:5291|hsa:5293|hsa:5294|hsa:5295|hsa:5296|hsa:8503 hsa:10000|hsa:207|hsa:208 0.69396
hsa:5335|hsa:5336 hsa:5578|hsa:5579|hsa:5582 0.995453
hsa:5335|hsa:5336 hsa:815|hsa:816|hsa:817|hsa:818 0.96762
