Build started 3/19/2014 6:28:06 PM.
     1>Project "D:\Workspace\preach_prob\preach_prob\preach_prob.vcxproj" on node 2 (Build target(s)).
     1>ClCompile:
         C:\Program Files (x86)\Microsoft Visual Studio 12.0\VC\bin\CL.exe /c /ZI /nologo /W3 /WX- /sdl /Od /Oy- /D WIN32 /D _MBCS /Gm /EHsc /RTC1 /MDd /GS /fp:precise /Zc:wchar_t /Zc:forScope /Fo"Debug\\" /Fd"Debug\vc120.pdb" /Gd /TP /analyze- /errorReport:prompt ..\prob.cc
         prob.cc
     1>d:\workspace\preach_prob\extensions.h(3): warning C4018: '<' : signed/unsigned mismatch
     1>d:\workspace\preach_prob\extensions.h(11): warning C4018: '<' : signed/unsigned mismatch
     1>d:\workspace\preach_prob\prob.cc(468): warning C4018: '<' : signed/unsigned mismatch
     1>d:\workspace\preach_prob\prob.cc(472): warning C4244: 'return' : conversion from 'double' to 'int', possible loss of data
     1>d:\workspace\preach_prob\prob.cc(504): warning C4018: '<' : signed/unsigned mismatch
     1>d:\workspace\preach_prob\prob.cc(513): warning C4018: '<' : signed/unsigned mismatch
     1>d:\workspace\preach_prob\prob.cc(528): warning C4018: '<' : signed/unsigned mismatch
     1>d:\workspace\preach_prob\prob.cc(542): warning C4018: '<' : signed/unsigned mismatch
     1>d:\workspace\preach_prob\prob.cc(563): warning C4018: '<' : signed/unsigned mismatch
     1>d:\workspace\preach_prob\prob.cc(593): warning C4018: '<' : signed/unsigned mismatch
       Link:
         C:\Program Files (x86)\Microsoft Visual Studio 12.0\VC\bin\link.exe /ERRORREPORT:PROMPT /OUT:"D:\Workspace\preach_prob\preach_prob\Debug\preach_prob.exe" /INCREMENTAL /NOLOGO C:\vslemon\lib\lemon.lib kernel32.lib user32.lib gdi32.lib winspool.lib comdlg32.lib advapi32.lib shell32.lib ole32.lib oleaut32.lib uuid.lib odbc32.lib odbccp32.lib /MANIFEST /MANIFESTUAC:"level='asInvoker' uiAccess='false'" /manifest:embed /DEBUG /PDB:"D:\Workspace\preach_prob\preach_prob\Debug\preach_prob.pdb" /TLBID:1 /DYNAMICBASE /NXCOMPAT /IMPLIB:"D:\Workspace\preach_prob\preach_prob\Debug\preach_prob.lib" /MACHINE:X86 Debug\prob.obj
         preach_prob.vcxproj -> D:\Workspace\preach_prob\preach_prob\Debug\preach_prob.exe
     1>Done Building Project "D:\Workspace\preach_prob\preach_prob\preach_prob.vcxproj" (Build target(s)).

Build succeeded.

Time Elapsed 00:00:02.98
